<?xml version="1.0" encoding="UTF-8"?>
<testsuite xmlns:xsi="http://www.w3.org/2001/XMLSchema-instance" xsi:noNamespaceSchemaLocation="https://maven.apache.org/surefire/maven-surefire-plugin/xsd/surefire-test-report-3.0.xsd" version="3.0" name="com.javatechie.SpringBootEksApplicationTests" time="8.785" tests="1" errors="0" skipped="0" failures="0">
  <properties>
[...]
</properties>
  <testcase name="contextLoads" classname="com.javatechie.SpringBootEksApplicationTests" time="2.86">
    <system-out><![CDATA[14:00:39.592 [main] INFO org.springframework.test.context.support.AnnotationConfigContextLoaderUtils -- Could not detect default configuration classes for test class [com.javatechie.SpringBootEksApplicationTests]: SpringBootEksApplicationTests does not declare any static, non-private, non-final, nested classes annotated with @Configuration.
14:00:39.860 [main] INFO org.springframework.boot.test.context.SpringBootTestContextBootstrapper -- Found @SpringBootConfiguration com.javatechie.SpringBootEksApplication for test class com.javatechie.SpringBootEksApplicationTests

  .   ____          _            __ _ _
 /\\ / ___'_ __ _ _(_)_ __  __ _ \ \ \ \
( ( )\___ | '_ | '_| | '_ \/ _` | \ \ \ \
 \\/  ___)| |_)| | | | | || (_| |  ) ) ) )
  '  |____| .__|_| |_|_| |_\__, | / / / /
 =========|_|==============|___/=/_/_/_/
 :: Spring Boot ::                (v3.2.0)

2025-03-20T14:00:41.051-05:00  INFO 23368 --- [           main] c.j.SpringBootEksApplicationTests        : Starting SpringBootEksApplicationTests using Java 17.0.14 with PID 23368 (started by jmanchego in C:\Users\jmanchego\Documents\JPOMM\PROYECTOS-GITHUB\POC\SpringBoot-Kubernetes\springboot-eks-modelo-basico)
2025-03-20T14:00:41.059-05:00  INFO 23368 --- [           main] c.j.SpringBootEksApplicationTests        : No active profile set, falling back to 1 default profile: "default"
2025-03-20T14:00:45.013-05:00  INFO 23368 --- [           main] c.j.SpringBootEksApplicationTests        : Started SpringBootEksApplicationTests in 4.77 seconds (process running for 7.51)
]]></system-out>
  </testcase>
</testsuite>